<?xml version="1.0" encoding="UTF-8"?>
<testng-results skipped="0" failed="0" ignored="0" total="1" passed="1">
  <reporter-output>
  </reporter-output>
  <suite name="Suite" duration-ms="16992" started-at="2021-03-16T15:48:52 IST" finished-at="2021-03-16T15:49:09 IST">
    <groups>
    </groups>
    <test name="Test" duration-ms="16992" started-at="2021-03-16T15:48:52 IST" finished-at="2021-03-16T15:49:09 IST">
      <class name="orangeHRM.TestCases.TC_LoginTest_001">
        <test-method status="PASS" signature="setup()[pri:0, instance:orangeHRM.TestCases.TC_LoginTest_001@5e3a8624]" name="setup" is-config="true" duration-ms="9179" started-at="2021-03-16T15:48:52 IST" finished-at="2021-03-16T15:49:02 IST">
          <reporter-output>
          </reporter-output>
        </test-method> <!-- setup -->
        <test-method status="PASS" signature="loginTest()[pri:0, instance:orangeHRM.TestCases.TC_LoginTest_001@5e3a8624]" name="loginTest" duration-ms="6222" started-at="2021-03-16T15:49:02 IST" finished-at="2021-03-16T15:49:08 IST">
          <reporter-output>
          </reporter-output>
        </test-method> <!-- loginTest -->
        <test-method status="PASS" signature="tearDown()[pri:0, instance:orangeHRM.TestCases.TC_LoginTest_001@5e3a8624]" name="tearDown" is-config="true" duration-ms="1215" started-at="2021-03-16T15:49:08 IST" finished-at="2021-03-16T15:49:09 IST">
          <reporter-output>
          </reporter-output>
        </test-method> <!-- tearDown -->
      </class> <!-- orangeHRM.TestCases.TC_LoginTest_001 -->
    </test> <!-- Test -->
  </suite> <!-- Suite -->
</testng-results>
