<?xml version="1.0" encoding="UTF-8"?>
<testng-results skipped="0" failed="0" ignored="0" total="1" passed="1">
  <reporter-output>
  </reporter-output>
  <suite name="Default suite" duration-ms="22779" started-at="2021-03-16T15:47:43 IST" finished-at="2021-03-16T15:48:06 IST">
    <groups>
    </groups>
    <test name="Default test" duration-ms="22779" started-at="2021-03-16T15:47:43 IST" finished-at="2021-03-16T15:48:06 IST">
      <class name="orangeHRM.TestCases.TC_LoginTest_001">
        <test-method status="PASS" signature="setup()[pri:0, instance:orangeHRM.TestCases.TC_LoginTest_001@3712b94]" name="setup" is-config="true" duration-ms="16100" started-at="2021-03-16T15:47:43 IST" finished-at="2021-03-16T15:47:59 IST">
          <reporter-output>
          </reporter-output>
        </test-method> <!-- setup -->
        <test-method status="PASS" signature="loginTest()[pri:0, instance:orangeHRM.TestCases.TC_LoginTest_001@3712b94]" name="loginTest" duration-ms="5848" started-at="2021-03-16T15:47:59 IST" finished-at="2021-03-16T15:48:05 IST">
          <reporter-output>
          </reporter-output>
        </test-method> <!-- loginTest -->
        <test-method status="PASS" signature="tearDown()[pri:0, instance:orangeHRM.TestCases.TC_LoginTest_001@3712b94]" name="tearDown" is-config="true" duration-ms="768" started-at="2021-03-16T15:48:05 IST" finished-at="2021-03-16T15:48:06 IST">
          <reporter-output>
          </reporter-output>
        </test-method> <!-- tearDown -->
      </class> <!-- orangeHRM.TestCases.TC_LoginTest_001 -->
    </test> <!-- Default test -->
  </suite> <!-- Default suite -->
</testng-results>
